app/build/intermediates/manifest_merge_blame_file/debug/manifest-merger-blame-debug-report.txt
1<?xml version="1.0" encoding="utf-8"?>
2<manifest xmlns:android="http://schemas.android.com/apk/res/android"
3    package="fr.cpe.SfireInc"
4    android:versionCode="1"
5    android:versionName="1.0" >
6
7    <uses-sdk
7-->src\main\AndroidManifest.xml:5:5-7:41
8        android:minSdkVersion="19"
8-->src\main\AndroidManifest.xml:6:9-35
9        android:targetSdkVersion="30" />
9-->src\main\AndroidManifest.xml:7:9-38
10
11    <uses-permission android:name="android.permission.READ_EXTERNAL_STORAGE" />
11-->src\main\AndroidManifest.xml:9:5-79
11-->src\main\AndroidManifest.xml:9:22-77
12
13    <application
13-->src\main\AndroidManifest.xml:11:5-25:19
14        android:allowBackup="true"
14-->src\main\AndroidManifest.xml:12:9-35
15        android:appComponentFactory="androidx.core.app.CoreComponentFactory"
15-->[androidx.core:core:1.3.1] AndroidManifest.xml:24:18-86
16        android:debuggable="true"
17        android:icon="@mipmap/ic_launcher"
17-->src\main\AndroidManifest.xml:13:9-43
18        android:label="@string/app_name"
18-->src\main\AndroidManifest.xml:14:9-41
19        android:roundIcon="@mipmap/ic_launcher_round"
19-->src\main\AndroidManifest.xml:15:9-54
20        android:supportsRtl="true"
20-->src\main\AndroidManifest.xml:16:9-35
21        android:testOnly="true"
22        android:theme="@style/Theme.SoundSfire" >
22-->src\main\AndroidManifest.xml:17:9-48
23        <activity android:name="fr.cpe.sfireinc.MainActivity" >
23-->src\main\AndroidManifest.xml:18:9-24:20
23-->src\main\AndroidManifest.xml:18:19-62
24            <intent-filter>
24-->src\main\AndroidManifest.xml:19:13-23:29
25                <action android:name="android.intent.action.MAIN" />
25-->src\main\AndroidManifest.xml:20:17-69
25-->src\main\AndroidManifest.xml:20:25-66
26
27                <category android:name="android.intent.category.LAUNCHER" />
27-->src\main\AndroidManifest.xml:22:17-77
27-->src\main\AndroidManifest.xml:22:27-74
28            </intent-filter>
29        </activity>
30    </application>
31
32</manifest>